; Top Design: "MyLibrary_lib:cell_1:schematic"
; Netlisted using Hierarchy Policy: "Standard"

Options ResourceUsage=yes UseNutmegFormat=no EnableOptim=no TopDesignName="MyLibrary_lib:cell_1:schematic" DcopOutputNodeVoltages=yes DcopOutputPinCurrents=yes DcopOutputAllSweepPoints=no DcopOutputDcopType=0
MCURVE:Curve1  N__3 N__14 Subst="MSub1" W=1.470630 mm Angle=180 Radius=1.63 cm 
MCURVE:Curve2  N__14 N__7 Subst="MSub1" W=1.470630 mm Angle=60 Radius=1.63 cm 
MCURVE:Curve3  N__4 N__3 Subst="MSub1" W=1.470630 mm Angle=60 Radius=1.63 cm 
MCURVE:Curve4  N__7 N__4 Subst="MSub1" W=1.470630 mm Angle=60 Radius=1.63 cm 
Port:Term1  N__15 0 Num=1 Z=50 Ohm Noise=yes 
Port:Term2  N__10 0 Num=2 Z=50 Ohm Noise=yes 
Port:Term3  N__11 0 Num=3 Z=50 Ohm Noise=yes 
Port:Term4  N__8 0 Num=4 Z=50 Ohm Noise=yes 
MLIN2:TL1  N__10 N__4 Subst="MSub1" W=2.827540 mm L=.5 cm Wall1=2.5e+28 mm Wall2=2.5e+28 mm Mod=1 
MLIN2:TL2  N__11 N__7 Subst="MSub1" W=2.827540 mm L=.7 cm Wall1=2.5e+28 mm Wall2=2.5e+28 mm Mod=1 
MLIN2:TL3  N__8 N__14 Subst="MSub1" W=2.827540 mm L=.5 cm Wall1=2.5e+28 mm Wall2=2.5e+28 mm Mod=1 
MLIN2:TL4  N__15 N__3 Subst="MSub1" W=2.827540 mm L=.5 cm Wall1=2.5e+28 mm Wall2=2.5e+28 mm Mod=1 
S_Param:SP1 CalcS=yes CalcY=no CalcZ=no GroupDelayAperture=1e-4 FreqConversion=no FreqConversionPort=1 StatusLevel=2 CalcNoise=no SortNoise=0 BandwidthForNoise=1.0 Hz DevOpPtLevel=0 \
SweepVar="freq" SweepPlan="SP1_stim" OutputPlan="SP1_Output" 

SweepPlan: SP1_stim Start=2 GHz Stop=3 GHz Lin=1600 

OutputPlan:SP1_Output \
      Type="Output" \
      UseEquationNestLevel=yes \
      EquationNestLevel=2 \
      UseSavedEquationNestLevel=yes \
      SavedEquationNestLevel=2

#load "python","LinearCollapse"
Component Module="LinearCollapse" Type="ModelExtractor" NetworkRepresentation=2
model MSub1 MSUB H=1.5 mm Er=4.4 Mur=1 Cond=4.1E7 Hu=1.0e33 mm T=34.8 um TanD=.02 Rough=0 mm DielectricLossModel=1 FreqForEpsrTanD=2.45 GHz LowFreqForTanD=1.0 kHz HighFreqForTanD=1.0 THz RoughnessModel=2 
