
Options ResourceUsage=yes UseNutmegFormat=no EnableOptim=no TopDesignName="453Boradband_ratrace_lib:regular_180hybrid:schematic" DcopOutputNodeVoltages=yes DcopOutputPinCurrents=yes DcopOutputAllSweepPoints=no DcopOutputDcopType=0
MLIN2:TL1  N__6 N__4 Subst="MSub1"  W=1.070980 mm L=18.360000 mm Wall1=1.5 mm Wall2=1.5 mm Mod=1 
MLIN2:TL4  N__6 N__9 Subst="MSub1"  W=2.292710 mm L=35.975000 mm Wall1=1.5 mm Wall2=1.5 mm Mod=1 
MLIN2:TL5  N__11 N__9 Subst="MSub1"  W=1.070980 mm L=18.360000 mm Wall1=1.5 mm Wall2=1.5 mm Mod=1 
MLIN2:TL7  N__18 N__4 Subst="MSub1"  W=2.292710 mm L=17.987500 mm Wall1=1.5 mm Wall2=1.5 mm Mod=1 
MLIN2:TL8  N__4 N__15 Subst="MSub1" W=0.625 mm L=2.5 mm Wall1=2.5e+028 mm Wall2=2.5e+028 mm Mod=1 
MLIN2:TL9  N__11 N__17 Subst="MSub1" W=0.625 mm L=2.5 mm Wall1=2.5e+028 mm Wall2=2.5e+028 mm Mod=1 
MLIN2:TL10  N__18 N__19 Subst="MSub1" W=0.625 mm L=2.5 mm Wall1=2.5e+028 mm Wall2=2.5e+028 mm Mod=1 
MLIN2:TL11  N__12 N__6 Subst="MSub1" W=0.625 mm L=2.5 mm Wall1=2.5e+028 mm Wall2=2.5e+028 mm Mod=1 
MLIN2:TL14  N__11 N__18 Subst="MSub1"  W=2.292710 mm L=17.987500 mm Wall1=1.5 mm Wall2=1.5 mm Mod=1 
model MSub1 MSUB H=1.5 mm Er=4.4  Mur=1.0  Cond=4.1e7  Hu=1e+33 mm T=0.0348 mm TanD=0.02  Rough=0 mil DielectricLossModel=1 FreqForEpsrTanD=1.0e9  LowFreqForTanD=1.0e3  HighFreqForTanD=1.0e12  RoughnessModel=2 
Port:Term3  N__15 0 Num=3 Z=50 Ohm Noise=yes 
Port:Term4  N__17 0 Num=4 Z=50 Ohm Noise=yes 
Port:Term2  N__19 0 Num=2 Z=50 Ohm Noise=yes 
Port:Term1  N__12 0 Num=1 Z=50 Ohm Noise=yes 
S_Param:SP1 CalcS=yes CalcY=no CalcZ=no GroupDelayAperture=1e-4 FreqConversion=no FreqConversionPort=1 StatusLevel=2 CalcNoise=no SortNoise=0 BandwidthForNoise=1.0 Hz DevOpPtLevel=0 \
SweepVar="freq" SweepPlan="SP1_stim" OutputPlan="SP1_Output" 

SweepPlan: SP1_stim Start=2 GHz Stop=3 GHz Lin=1601 

OutputPlan:SP1_Output \
      Type="Output" \
      UseEquationNestLevel=yes \
      EquationNestLevel=2 \
      UseSavedEquationNestLevel=yes \
      SavedEquationNestLevel=2

#load "python","LinearCollapse"
Component Module="LinearCollapse" Type="ModelExtractor" NetworkRepresentation=2
